Log file open, 05/23/19 08:38:58
LogWindows: Failed to load 'aqProf.dll' (GetLastError=126)
LogWindows: File 'aqProf.dll' does not exist
LogWindows: Failed to load 'VtuneApi.dll' (GetLastError=126)
LogWindows: File 'VtuneApi.dll' does not exist
LogWindows: Failed to load 'VtuneApi32e.dll' (GetLastError=126)
LogWindows: File 'VtuneApi32e.dll' does not exist
LogConsoleResponse: Display: Failed to find resolution value strings in scalability ini. Falling back to default.
LogInit: Display: Running engine for game: WorkShop02
LogPakFile: Registered encryption key '00000000000000000000000000000000': 0 pak files mounted, 0 remain pending
LogPlatformFile: Not using cached read wrapper
LogTaskGraph: Started task graph with 5 named threads and 23 total threads with 3 sets of task threads.
LogStats: Stats thread started at 0.298608
LogD3D11RHI: Loaded GFSDK_Aftermath_Lib.x64.dll
LogICUInternationalization: ICU TimeZone Detection - Raw Offset: +1:00, Platform Override: ''
LogPluginManager: Mounting plugin Paper2D
LogPluginManager: Mounting plugin AISupport
LogPluginManager: Mounting plugin LightPropagationVolume
LogPluginManager: Mounting plugin ActorLayerUtilities
LogPluginManager: Mounting plugin AnimationSharing
LogPluginManager: Mounting plugin CLionSourceCodeAccess
LogPluginManager: Mounting plugin CodeLiteSourceCodeAccess
LogPluginManager: Mounting plugin GitSourceControl
LogPluginManager: Mounting plugin KDevelopSourceCodeAccess
LogPluginManager: Mounting plugin NullSourceCodeAccess
LogPluginManager: Mounting plugin PerforceSourceControl
LogPluginManager: Mounting plugin SubversionSourceControl
LogPluginManager: Mounting plugin UObjectPlugin
LogPluginManager: Mounting plugin VisualStudioCodeSourceCodeAccess
LogPluginManager: Mounting plugin VisualStudioSourceCodeAccess
LogPluginManager: Mounting plugin XCodeSourceCodeAccess
LogPluginManager: Mounting plugin AssetManagerEditor
LogPluginManager: Mounting plugin CryptoKeys
LogPluginManager: Mounting plugin DataValidation
LogPluginManager: Mounting plugin FacialAnimation
LogPluginManager: Mounting plugin GameplayTagsEditor
LogPluginManager: Mounting plugin MacGraphicsSwitching
LogPluginManager: Mounting plugin MaterialAnalyzer
LogPluginManager: Mounting plugin MobileLauncherProfileWizard
LogPluginManager: Mounting plugin PluginBrowser
LogPluginManager: Mounting plugin SpeedTreeImporter
LogPluginManager: Mounting plugin DatasmithContent
LogPluginManager: Mounting plugin VariantManagerContent
LogPluginManager: Mounting plugin AlembicImporter
LogPluginManager: Mounting plugin AppleImageUtils
LogPluginManager: Mounting plugin AppleVision
LogPluginManager: Mounting plugin BackChannel
LogPluginManager: Mounting plugin CharacterAI
LogPluginManager: Mounting plugin GeometryCache
LogPluginManager: Mounting plugin HTML5Networking
LogPluginManager: Mounting plugin ProxyLODPlugin
LogPluginManager: Mounting plugin SkeletalReduction
LogPluginManager: Mounting plugin MagicLeap
LogPluginManager: Mounting plugin MagicLeapMedia
LogPluginManager: Mounting plugin AndroidMedia
LogPluginManager: Mounting plugin AvfMedia
LogPluginManager: Mounting plugin ImgMedia
LogPluginManager: Mounting plugin LinearTimecode
LogPluginManager: Mounting plugin MediaCompositing
LogPluginManager: Mounting plugin MediaPlayerEditor
LogPluginManager: Mounting plugin WebMMedia
LogPluginManager: Mounting plugin WmfMedia
LogPluginManager: Mounting plugin TcpMessaging
LogPluginManager: Mounting plugin UdpMessaging
LogPluginManager: Mounting plugin ActorSequence
LogPluginManager: Mounting plugin LevelSequenceEditor
LogPluginManager: Mounting plugin MatineeToLevelSequence
LogPluginManager: Mounting plugin NetcodeUnitTest
LogPluginManager: Mounting plugin NUTUnrealEngine4
LogPluginManager: Mounting plugin OnlineSubsystemGooglePlay
LogPluginManager: Mounting plugin OnlineSubsystemIOS
LogPluginManager: Mounting plugin OnlineSubsystem
LogPluginManager: Mounting plugin OnlineSubsystemNull
LogPluginManager: Mounting plugin OnlineSubsystemUtils
LogPluginManager: Mounting plugin LauncherChunkInstaller
LogPluginManager: Mounting plugin AndroidDeviceProfileSelector
LogPluginManager: Mounting plugin AndroidMoviePlayer
LogPluginManager: Mounting plugin AndroidPermission
LogPluginManager: Mounting plugin AppleMoviePlayer
LogPluginManager: Mounting plugin ArchVisCharacter
LogPluginManager: Mounting plugin AudioCapture
LogPluginManager: Mounting plugin CableComponent
LogPluginManager: Mounting plugin CustomMeshComponent
LogPluginManager: Mounting plugin EditableMesh
LogPluginManager: Mounting plugin ExampleDeviceProfileSelector
LogPluginManager: Mounting plugin Firebase
LogPluginManager: Mounting plugin GoogleCloudMessaging
LogPluginManager: Mounting plugin IOSDeviceProfileSelector
LogPluginManager: Mounting plugin LinuxDeviceProfileSelector
LogPluginManager: Mounting plugin LocationServicesBPLibrary
LogPluginManager: Mounting plugin MobilePatchingUtils
LogPluginManager: Mounting plugin OculusVR
LogPluginManager: Mounting plugin PhysXVehicles
LogPluginManager: Mounting plugin ProceduralMeshComponent
LogPluginManager: Mounting plugin RuntimePhysXCooking
LogPluginManager: Mounting plugin SignificanceManager
LogPluginManager: Mounting plugin SteamVR
LogPluginManager: Mounting plugin WebMMoviePlayer
LogPluginManager: Mounting plugin WindowsMoviePlayer
LogInit: Using libcurl 7.55.1-DEV
LogInit:  - built for x86_64-pc-win32
LogInit:  - supports SSL with OpenSSL/1.1.1
LogInit:  - supports HTTP deflate (compression) using libz 1.2.8
LogInit:  - other features:
LogInit:      CURL_VERSION_SSL
LogInit:      CURL_VERSION_LIBZ
LogInit:      CURL_VERSION_IPV6
LogInit:      CURL_VERSION_ASYNCHDNS
LogInit:      CURL_VERSION_LARGEFILE
LogInit:      CURL_VERSION_IDN
LogInit:  CurlRequestOptions (configurable via config and command line):
LogInit:  - bVerifyPeer = true  - Libcurl will verify peer certificate
LogInit:  - bUseHttpProxy = false  - Libcurl will NOT use HTTP proxy
LogInit:  - bDontReuseConnections = false  - Libcurl will reuse connections
LogInit:  - MaxHostConnections = 16  - Libcurl will limit the number of connections to a host
LogInit:  - LocalHostAddr = Default
LogInit:  - BufferSize = 65536
LogInit: WinSock: version 1.1 (2.2), MaxSocks=32767, MaxUdp=65467
LogInit: Build: ++UE4+Release-4.22-CL-6063286
LogInit: Engine Version: 4.22.1-6063286+++UE4+Release-4.22
LogInit: Compatible Engine Version: 4.22.0-5660361+++UE4+Release-4.22
LogInit: Net CL: 5660361
LogInit: OS: Windows 10 (Release 1803) (), CPU: Intel(R) Core(TM) i7-7700HQ CPU @ 2.80GHz, GPU: Intel(R) HD Graphics 630
LogInit: Compiled (64-bit): Apr 24 2019 04:36:48
LogInit: Compiled with Visual C++: 19.16.27025.01
LogInit: Build Configuration: Development
LogInit: Branch Name: ++UE4+Release-4.22
LogInit: Command Line: 
LogInit: Base Directory: C:/Program Files/Epic Games/UE_4.22/Engine/Binaries/Win64/
LogInit: Installed Engine Build: 1
LogDevObjectVersion: Number of dev versions registered: 23
LogDevObjectVersion:   Dev-Blueprints (B0D832E4-1F89-4F0D-ACCF-7EB736FD4AA2): 10
LogDevObjectVersion:   Dev-Build (E1C64328-A22C-4D53-A36C-8E866417BD8C): 0
LogDevObjectVersion:   Dev-Core (375EC13C-06E4-48FB-B500-84F0262A717E): 3
LogDevObjectVersion:   Dev-Editor (E4B068ED-F494-42E9-A231-DA0B2E46BB41): 30
LogDevObjectVersion:   Dev-Framework (CFFC743F-43B0-4480-9391-14DF171D2073): 35
LogDevObjectVersion:   Dev-Mobile (B02B49B5-BB20-44E9-A304-32B752E40360): 2
LogDevObjectVersion:   Dev-Networking (A4E4105C-59A1-49B5-A7C5-40C4547EDFEE): 0
LogDevObjectVersion:   Dev-Online (39C831C9-5AE6-47DC-9A44-9C173E1C8E7C): 0
LogDevObjectVersion:   Dev-Physics (78F01B33-EBEA-4F98-B9B4-84EACCB95AA2): 0
LogDevObjectVersion:   Dev-Platform (6631380F-2D4D-43E0-8009-CF276956A95A): 0
LogDevObjectVersion:   Dev-Rendering (12F88B9F-8875-4AFC-A67C-D90C383ABD29): 28
LogDevObjectVersion:   Dev-Sequencer (7B5AE74C-D270-4C10-A958-57980B212A5A): 11
LogDevObjectVersion:   Dev-VR (D7296918-1DD6-4BDD-9DE2-64A83CC13884): 2
LogDevObjectVersion:   Dev-LoadTimes (C2A15278-BFE7-4AFE-6C17-90FF531DF755): 1
LogDevObjectVersion:   Private-Geometry (6EACA3D4-40EC-4CC1-B786-8BED09428FC5): 3
LogDevObjectVersion:   Dev-AnimPhys (29E575DD-E0A3-4627-9D10-D276232CDCEA): 17
LogDevObjectVersion:   Dev-Anim (AF43A65D-7FD3-4947-9873-3E8ED9C1BB05): 2
LogDevObjectVersion:   Dev-ReflectionCapture (6B266CEC-1EC7-4B8F-A30B-E4D90942FC07): 1
LogDevObjectVersion:   Dev-Automation (0DF73D61-A23F-47EA-B727-89E90C41499A): 1
LogDevObjectVersion:   FortniteMain (601D1886-AC64-4F84-AA16-D3DE0DEAC7D6): 25
LogDevObjectVersion:   Dev-Enterprise (9DFFBCD6-494F-0158-E221-12823C92A888): 6
LogDevObjectVersion:   Dev-Niagara (F2AED0AC-9AFE-416F-8664-AA7FFA26D6FC): 1
LogDevObjectVersion:   Dev-Destruction (174F1F0B-B4C6-45A5-B13F-2EE8D0FB917D): 2
LogInit: Presizing for max 16777216 objects, including 0 objects not considered by GC, pre-allocating 0 bytes for permanent pool.
LogInit: Object subsystem initialized
LogConfig: Setting CVar [[con.DebugEarlyDefault:1]]
LogConfig: Setting CVar [[r.setres:1280x720]]
[2019.05.23-06.38.59:312][  0]LogConfig: Setting CVar [[r.VSync:0]]
[2019.05.23-06.38.59:312][  0]LogConfig: Setting CVar [[r.RHICmdBypass:0]]
[2019.05.23-06.38.59:312][  0]LogConfig: Applying CVar settings from Section [/Script/Engine.RendererSettings] File [C:/Users/Admin/WorkShop02/Saved/Config/Windows/Engine.ini]
[2019.05.23-06.38.59:313][  0]LogConfig: Setting CVar [[r.GPUCrashDebugging:0]]
[2019.05.23-06.38.59:313][  0]LogConfig: Setting CVar [[r.DefaultFeature.AutoExposure.ExtendDefaultLuminanceRange:1]]
[2019.05.23-06.38.59:313][  0]LogConfig: Applying CVar settings from Section [/Script/Engine.RendererOverrideSettings] File [C:/Users/Admin/WorkShop02/Saved/Config/Windows/Engine.ini]
[2019.05.23-06.38.59:313][  0]LogConfig: Applying CVar settings from Section [/Script/Engine.StreamingSettings] File [C:/Users/Admin/WorkShop02/Saved/Config/Windows/Engine.ini]
[2019.05.23-06.38.59:313][  0]LogConfig: Setting CVar [[s.MinBulkDataSizeForAsyncLoading:131072]]
[2019.05.23-06.38.59:313][  0]LogConfig: Setting CVar [[s.AsyncLoadingThreadEnabled:0]]
[2019.05.23-06.38.59:313][  0]LogConfig: Setting CVar [[s.EventDrivenLoaderEnabled:1]]
[2019.05.23-06.38.59:313][  0]LogConfig: Setting CVar [[s.WarnIfTimeLimitExceeded:0]]
[2019.05.23-06.38.59:313][  0]LogConfig: Setting CVar [[s.TimeLimitExceededMultiplier:1.5]]
[2019.05.23-06.38.59:313][  0]LogConfig: Setting CVar [[s.TimeLimitExceededMinTime:0.005]]
[2019.05.23-06.38.59:313][  0]LogConfig: Setting CVar [[s.UseBackgroundLevelStreaming:1]]
[2019.05.23-06.38.59:313][  0]LogConfig: Setting CVar [[s.PriorityAsyncLoadingExtraTime:15.0]]
[2019.05.23-06.38.59:313][  0]LogConfig: Setting CVar [[s.LevelStreamingActorsUpdateTimeLimit:5.0]]
[2019.05.23-06.38.59:313][  0]LogConfig: Setting CVar [[s.PriorityLevelStreamingActorsUpdateExtraTime:5.0]]
[2019.05.23-06.38.59:313][  0]LogConfig: Setting CVar [[s.LevelStreamingComponentsRegistrationGranularity:10]]
[2019.05.23-06.38.59:313][  0]LogConfig: Setting CVar [[s.UnregisterComponentsTimeLimit:1.0]]
[2019.05.23-06.38.59:313][  0]LogConfig: Setting CVar [[s.LevelStreamingComponentsUnregistrationGranularity:5]]
[2019.05.23-06.38.59:313][  0]LogConfig: Applying CVar settings from Section [/Script/Engine.GarbageCollectionSettings] File [C:/Users/Admin/WorkShop02/Saved/Config/Windows/Engine.ini]
[2019.05.23-06.38.59:313][  0]LogConfig: Setting CVar [[gc.MaxObjectsNotConsideredByGC:1]]
[2019.05.23-06.38.59:313][  0]LogConfig: Setting CVar [[gc.SizeOfPermanentObjectPool:0]]
[2019.05.23-06.38.59:314][  0]LogConfig: Setting CVar [[gc.FlushStreamingOnGC:0]]
[2019.05.23-06.38.59:314][  0]LogConfig: Setting CVar [[gc.NumRetriesBeforeForcingGC:10]]
[2019.05.23-06.38.59:314][  0]LogConfig: Setting CVar [[gc.AllowParallelGC:1]]
[2019.05.23-06.38.59:314][  0]LogConfig: Setting CVar [[gc.TimeBetweenPurgingPendingKillObjects:61.1]]
[2019.05.23-06.38.59:314][  0]LogConfig: Setting CVar [[gc.MaxObjectsInEditor:16777216]]
[2019.05.23-06.38.59:314][  0]LogConfig: Setting CVar [[gc.IncrementalBeginDestroyEnabled:1]]
[2019.05.23-06.38.59:314][  0]LogConfig: Setting CVar [[gc.CreateGCClusters:1]]
[2019.05.23-06.38.59:314][  0]LogConfig: Setting CVar [[gc.MinGCClusterSize:5]]
[2019.05.23-06.38.59:314][  0]LogConfig: Setting CVar [[gc.ActorClusteringEnabled:0]]
[2019.05.23-06.38.59:314][  0]LogConfig: Setting CVar [[gc.BlueprintClusteringEnabled:0]]
[2019.05.23-06.38.59:314][  0]LogConfig: Setting CVar [[gc.UseDisregardForGCOnDedicatedServers:0]]
[2019.05.23-06.38.59:314][  0]LogConfig: Applying CVar settings from Section [/Script/Engine.NetworkSettings] File [C:/Users/Admin/WorkShop02/Saved/Config/Windows/Engine.ini]
[2019.05.23-06.38.59:314][  0]LogConfig: Applying CVar settings from Section [/Script/UnrealEd.CookerSettings] File [C:/Users/Admin/WorkShop02/Saved/Config/Windows/Engine.ini]
[2019.05.23-06.38.59:323][  0]LogConfig: Applying CVar settings from Section [ViewDistanceQuality@3] File [C:/Users/Admin/WorkShop02/Saved/Config/Windows/Scalability.ini]
[2019.05.23-06.38.59:323][  0]LogConfig: Setting CVar [[r.SkeletalMeshLODBias:0]]
[2019.05.23-06.38.59:323][  0]LogConfig: Setting CVar [[r.ViewDistanceScale:1.0]]
[2019.05.23-06.38.59:323][  0]LogConfig: Applying CVar settings from Section [AntiAliasingQuality@3] File [C:/Users/Admin/WorkShop02/Saved/Config/Windows/Scalability.ini]
[2019.05.23-06.38.59:323][  0]LogConfig: Setting CVar [[r.PostProcessAAQuality:4]]
[2019.05.23-06.38.59:323][  0]LogConfig: Applying CVar settings from Section [ShadowQuality@3] File [C:/Users/Admin/WorkShop02/Saved/Config/Windows/Scalability.ini]
[2019.05.23-06.38.59:323][  0]LogConfig: Setting CVar [[r.LightFunctionQuality:1]]
[2019.05.23-06.38.59:323][  0]LogConfig: Setting CVar [[r.ShadowQuality:5]]
[2019.05.23-06.38.59:323][  0]LogConfig: Setting CVar [[r.Shadow.CSM.MaxCascades:10]]
[2019.05.23-06.38.59:323][  0]LogConfig: Setting CVar [[r.Shadow.MaxResolution:2048]]
[2019.05.23-06.38.59:323][  0]LogConfig: Setting CVar [[r.Shadow.MaxCSMResolution:2048]]
[2019.05.23-06.38.59:323][  0]LogConfig: Setting CVar [[r.Shadow.RadiusThreshold:0.01]]
[2019.05.23-06.38.59:324][  0]LogConfig: Setting CVar [[r.Shadow.DistanceScale:1.0]]
[2019.05.23-06.38.59:324][  0]LogConfig: Setting CVar [[r.Shadow.CSM.TransitionScale:1.0]]
[2019.05.23-06.38.59:324][  0]LogConfig: Setting CVar [[r.Shadow.PreShadowResolutionFactor:1.0]]
[2019.05.23-06.38.59:324][  0]LogConfig: Setting CVar [[r.DistanceFieldShadowing:1]]
[2019.05.23-06.38.59:324][  0]LogConfig: Setting CVar [[r.DistanceFieldAO:1]]
[2019.05.23-06.38.59:324][  0]LogConfig: Setting CVar [[r.AOQuality:2]]
[2019.05.23-06.38.59:324][  0]LogConfig: Setting CVar [[r.VolumetricFog:1]]
[2019.05.23-06.38.59:324][  0]LogConfig: Setting CVar [[r.VolumetricFog.GridPixelSize:8]]
[2019.05.23-06.38.59:324][  0]LogConfig: Setting CVar [[r.VolumetricFog.GridSizeZ:128]]
[2019.05.23-06.38.59:324][  0]LogConfig: Setting CVar [[r.VolumetricFog.HistoryMissSupersampleCount:4]]
[2019.05.23-06.38.59:324][  0]LogConfig: Setting CVar [[r.LightMaxDrawDistanceScale:1]]
[2019.05.23-06.38.59:324][  0]LogConfig: Setting CVar [[r.CapsuleShadows:1]]
[2019.05.23-06.38.59:324][  0]LogConfig: Applying CVar settings from Section [PostProcessQuality@3] File [C:/Users/Admin/WorkShop02/Saved/Config/Windows/Scalability.ini]
[2019.05.23-06.38.59:324][  0]LogConfig: Setting CVar [[r.MotionBlurQuality:4]]
[2019.05.23-06.38.59:324][  0]LogConfig: Setting CVar [[r.AmbientOcclusionMipLevelFactor:0.4]]
[2019.05.23-06.38.59:324][  0]LogConfig: Setting CVar [[r.AmbientOcclusionMaxQuality:100]]
[2019.05.23-06.38.59:324][  0]LogConfig: Setting CVar [[r.AmbientOcclusionLevels:-1]]
[2019.05.23-06.38.59:324][  0]LogConfig: Setting CVar [[r.AmbientOcclusionRadiusScale:1.0]]
[2019.05.23-06.38.59:324][  0]LogConfig: Setting CVar [[r.DepthOfFieldQuality:2]]
[2019.05.23-06.38.59:324][  0]LogConfig: Setting CVar [[r.RenderTargetPoolMin:400]]
[2019.05.23-06.38.59:324][  0]LogConfig: Setting CVar [[r.LensFlareQuality:2]]
[2019.05.23-06.38.59:324][  0]LogConfig: Setting CVar [[r.SceneColorFringeQuality:1]]
[2019.05.23-06.38.59:324][  0]LogConfig: Setting CVar [[r.EyeAdaptationQuality:2]]
[2019.05.23-06.38.59:325][  0]LogConfig: Setting CVar [[r.BloomQuality:5]]
[2019.05.23-06.38.59:325][  0]LogConfig: Setting CVar [[r.FastBlurThreshold:100]]
[2019.05.23-06.38.59:325][  0]LogConfig: Setting CVar [[r.Upscale.Quality:3]]
[2019.05.23-06.38.59:325][  0]LogConfig: Setting CVar [[r.Tonemapper.GrainQuantization:1]]
[2019.05.23-06.38.59:325][  0]LogConfig: Setting CVar [[r.LightShaftQuality:1]]
[2019.05.23-06.38.59:325][  0]LogConfig: Setting CVar [[r.Filter.SizeScale:1]]
[2019.05.23-06.38.59:325][  0]LogConfig: Setting CVar [[r.Tonemapper.Quality:5]]
[2019.05.23-06.38.59:325][  0]LogConfig: Setting CVar [[r.DOF.Gather.AccumulatorQuality:1        ; higher gathering accumulator quality]]
[2019.05.23-06.38.59:325][  0]LogConfig: Setting CVar [[r.DOF.Gather.PostfilterMethod:1          ; Median3x3 postfilering method]]
[2019.05.23-06.38.59:325][  0]LogConfig: Setting CVar [[r.DOF.Gather.EnableBokehSettings:0       ; no bokeh simulation when gathering]]
[2019.05.23-06.38.59:325][  0]LogConfig: Setting CVar [[r.DOF.Gather.RingCount:4                 ; medium number of samples when gathering]]
[2019.05.23-06.38.59:325][  0]LogConfig: Setting CVar [[r.DOF.Scatter.ForegroundCompositing:1    ; additive foreground scattering]]
[2019.05.23-06.38.59:325][  0]LogConfig: Setting CVar [[r.DOF.Scatter.BackgroundCompositing:2    ; additive background scattering]]
[2019.05.23-06.38.59:325][  0]LogConfig: Setting CVar [[r.DOF.Scatter.EnableBokehSettings:1      ; bokeh simulation when scattering]]
[2019.05.23-06.38.59:325][  0]LogConfig: Setting CVar [[r.DOF.Scatter.MaxSpriteRatio:0.1         ; only a maximum of 10% of scattered bokeh]]
[2019.05.23-06.38.59:325][  0]LogConfig: Setting CVar [[r.DOF.Recombine.Quality:1                ; cheap slight out of focus]]
[2019.05.23-06.38.59:325][  0]LogConfig: Setting CVar [[r.DOF.Recombine.EnableBokehSettings:0    ; no bokeh simulation on slight out of focus]]
[2019.05.23-06.38.59:325][  0]LogConfig: Setting CVar [[r.DOF.TemporalAAQuality:1                ; more stable temporal accumulation]]
[2019.05.23-06.38.59:325][  0]LogConfig: Setting CVar [[r.DOF.Kernel.MaxForegroundRadius:0.025]]
[2019.05.23-06.38.59:325][  0]LogConfig: Setting CVar [[r.DOF.Kernel.MaxBackgroundRadius:0.025]]
[2019.05.23-06.38.59:325][  0]LogConfig: Applying CVar settings from Section [TextureQuality@3] File [C:/Users/Admin/WorkShop02/Saved/Config/Windows/Scalability.ini]
[2019.05.23-06.38.59:326][  0]LogConfig: Setting CVar [[r.Streaming.MipBias:0]]
[2019.05.23-06.38.59:326][  0]LogConfig: Setting CVar [[r.Streaming.AmortizeCPUToGPUCopy:0]]
[2019.05.23-06.38.59:326][  0]LogConfig: Setting CVar [[r.Streaming.MaxNumTexturesToStreamPerFrame:0]]
[2019.05.23-06.38.59:326][  0]LogConfig: Setting CVar [[r.Streaming.Boost:1]]
[2019.05.23-06.38.59:326][  0]LogConfig: Setting CVar [[r.MaxAnisotropy:8]]
[2019.05.23-06.38.59:326][  0]LogConfig: Setting CVar [[r.Streaming.LimitPoolSizeToVRAM:0]]
[2019.05.23-06.38.59:326][  0]LogConfig: Setting CVar [[r.Streaming.PoolSize:1000]]
[2019.05.23-06.38.59:326][  0]LogConfig: Setting CVar [[r.Streaming.MaxEffectiveScreenSize:0]]
[2019.05.23-06.38.59:326][  0]LogConfig: Applying CVar settings from Section [EffectsQuality@3] File [C:/Users/Admin/WorkShop02/Saved/Config/Windows/Scalability.ini]
[2019.05.23-06.38.59:326][  0]LogConfig: Setting CVar [[r.TranslucencyLightingVolumeDim:64]]
[2019.05.23-06.38.59:326][  0]LogConfig: Setting CVar [[r.RefractionQuality:2]]
[2019.05.23-06.38.59:326][  0]LogConfig: Setting CVar [[r.SSR.Quality:3]]
[2019.05.23-06.38.59:326][  0]LogConfig: Setting CVar [[r.SceneColorFormat:4]]
[2019.05.23-06.38.59:326][  0]LogConfig: Setting CVar [[r.DetailMode:2]]
[2019.05.23-06.38.59:326][  0]LogConfig: Setting CVar [[r.TranslucencyVolumeBlur:1]]
[2019.05.23-06.38.59:326][  0]LogConfig: Setting CVar [[r.MaterialQualityLevel:1 ; High quality]]
[2019.05.23-06.38.59:326][  0]LogConfig: Setting CVar [[r.SSS.Scale:1]]
[2019.05.23-06.38.59:326][  0]LogConfig: Setting CVar [[r.SSS.SampleSet:2]]
[2019.05.23-06.38.59:326][  0]LogConfig: Setting CVar [[r.SSS.Quality:1]]
[2019.05.23-06.38.59:326][  0]LogConfig: Setting CVar [[r.SSS.HalfRes:1]]
[2019.05.23-06.38.59:326][  0]LogConfig: Setting CVar [[r.EmitterSpawnRateScale:1.0]]
[2019.05.23-06.38.59:326][  0]LogConfig: Setting CVar [[r.ParticleLightQuality:2]]
[2019.05.23-06.38.59:326][  0]LogConfig: Applying CVar settings from Section [FoliageQuality@3] File [C:/Users/Admin/WorkShop02/Saved/Config/Windows/Scalability.ini]
[2019.05.23-06.38.59:327][  0]LogConfig: Setting CVar [[foliage.DensityScale:1.0]]
[2019.05.23-06.38.59:327][  0]LogConfig: Setting CVar [[grass.DensityScale:1.0]]
[2019.05.23-06.38.59:327][  0]LogInit: Selected Device Profile: [Windows]
[2019.05.23-06.38.59:327][  0]LogInit: Applying CVar settings loaded from the selected device profile: [Windows]
[2019.05.23-06.38.59:356][  0]LogHAL: Display: Platform has ~ 16 GB [17053212672 / 17179869184 / 16], which maps to Larger [LargestMinGB=32, LargerMinGB=12, DefaultMinGB=8, SmallerMinGB=6, SmallestMinGB=0)
[2019.05.23-06.38.59:356][  0]LogConfig: Setting CVar [[r.Vulkan.UseRealUBs:0		; Required until we fix HLR fall-out]]
[2019.05.23-06.38.59:356][  0]LogInit: Going up to parent DeviceProfile []
[2019.05.23-06.38.59:356][  0]LogConfig: Applying CVar settings from Section [ViewDistanceQuality@3] File [C:/Users/Admin/WorkShop02/Saved/Config/Windows/Scalability.ini]
[2019.05.23-06.38.59:356][  0]LogConfig: Setting CVar [[r.SkeletalMeshLODBias:0]]
[2019.05.23-06.38.59:356][  0]LogConfig: Setting CVar [[r.ViewDistanceScale:1.0]]
[2019.05.23-06.38.59:356][  0]LogConfig: Applying CVar settings from Section [AntiAliasingQuality@3] File [C:/Users/Admin/WorkShop02/Saved/Config/Windows/Scalability.ini]
[2019.05.23-06.38.59:357][  0]LogConfig: Setting CVar [[r.PostProcessAAQuality:4]]
[2019.05.23-06.38.59:357][  0]LogConfig: Applying CVar settings from Section [ShadowQuality@3] File [C:/Users/Admin/WorkShop02/Saved/Config/Windows/Scalability.ini]
[2019.05.23-06.38.59:357][  0]LogConfig: Setting CVar [[r.LightFunctionQuality:1]]
[2019.05.23-06.38.59:357][  0]LogConfig: Setting CVar [[r.ShadowQuality:5]]
[2019.05.23-06.38.59:357][  0]LogConfig: Setting CVar [[r.Shadow.CSM.MaxCascades:10]]
[2019.05.23-06.38.59:357][  0]LogConfig: Setting CVar [[r.Shadow.MaxResolution:2048]]
[2019.05.23-06.38.59:357][  0]LogConfig: Setting CVar [[r.Shadow.MaxCSMResolution:2048]]
[2019.05.23-06.38.59:357][  0]LogConfig: Setting CVar [[r.Shadow.RadiusThreshold:0.01]]
[2019.05.23-06.38.59:357][  0]LogConfig: Setting CVar [[r.Shadow.DistanceScale:1.0]]
[2019.05.23-06.38.59:357][  0]LogConfig: Setting CVar [[r.Shadow.CSM.TransitionScale:1.0]]
[2019.05.23-06.38.59:357][  0]LogConfig: Setting CVar [[r.Shadow.PreShadowResolutionFactor:1.0]]
[2019.05.23-06.38.59:357][  0]LogConfig: Setting CVar [[r.DistanceFieldShadowing:1]]
[2019.05.23-06.38.59:357][  0]LogConfig: Setting CVar [[r.DistanceFieldAO:1]]
[2019.05.23-06.38.59:357][  0]LogConfig: Setting CVar [[r.AOQuality:2]]
[2019.05.23-06.38.59:357][  0]LogConfig: Setting CVar [[r.VolumetricFog:1]]
[2019.05.23-06.38.59:357][  0]LogConfig: Setting CVar [[r.VolumetricFog.GridPixelSize:8]]
[2019.05.23-06.38.59:357][  0]LogConfig: Setting CVar [[r.VolumetricFog.GridSizeZ:128]]
[2019.05.23-06.38.59:357][  0]LogConfig: Setting CVar [[r.VolumetricFog.HistoryMissSupersampleCount:4]]
[2019.05.23-06.38.59:357][  0]LogConfig: Setting CVar [[r.LightMaxDrawDistanceScale:1]]
[2019.05.23-06.38.59:357][  0]LogConfig: Setting CVar [[r.CapsuleShadows:1]]
[2019.05.23-06.38.59:357][  0]LogConfig: Applying CVar settings from Section [PostProcessQuality@3] File [C:/Users/Admin/WorkShop02/Saved/Config/Windows/Scalability.ini]
[2019.05.23-06.38.59:357][  0]LogConfig: Setting CVar [[r.MotionBlurQuality:4]]
[2019.05.23-06.38.59:357][  0]LogConfig: Setting CVar [[r.AmbientOcclusionMipLevelFactor:0.4]]
[2019.05.23-06.38.59:357][  0]LogConfig: Setting CVar [[r.AmbientOcclusionMaxQuality:100]]
[2019.05.23-06.38.59:357][  0]LogConfig: Setting CVar [[r.AmbientOcclusionLevels:-1]]
[2019.05.23-06.38.59:357][  0]LogConfig: Setting CVar [[r.AmbientOcclusionRadiusScale:1.0]]
[2019.05.23-06.38.59:357][  0]LogConfig: Setting CVar [[r.DepthOfFieldQuality:2]]
[2019.05.23-06.38.59:357][  0]LogConfig: Setting CVar [[r.RenderTargetPoolMin:400]]
[2019.05.23-06.38.59:357][  0]LogConfig: Setting CVar [[r.LensFlareQuality:2]]
[2019.05.23-06.38.59:357][  0]LogConfig: Setting CVar [[r.SceneColorFringeQuality:1]]
[2019.05.23-06.38.59:357][  0]LogConfig: Setting CVar [[r.EyeAdaptationQuality:2]]
[2019.05.23-06.38.59:357][  0]LogConfig: Setting CVar [[r.BloomQuality:5]]
[2019.05.23-06.38.59:357][  0]LogConfig: Setting CVar [[r.FastBlurThreshold:100]]
[2019.05.23-06.38.59:357][  0]LogConfig: Setting CVar [[r.Upscale.Quality:3]]
[2019.05.23-06.38.59:357][  0]LogConfig: Setting CVar [[r.Tonemapper.GrainQuantization:1]]
[2019.05.23-06.38.59:357][  0]LogConfig: Setting CVar [[r.LightShaftQuality:1]]
[2019.05.23-06.38.59:357][  0]LogConfig: Setting CVar [[r.Filter.SizeScale:1]]
[2019.05.23-06.38.59:357][  0]LogConfig: Setting CVar [[r.Tonemapper.Quality:5]]
[2019.05.23-06.38.59:357][  0]LogConfig: Setting CVar [[r.DOF.Gather.AccumulatorQuality:1        ; higher gathering accumulator quality]]
[2019.05.23-06.38.59:357][  0]LogConfig: Setting CVar [[r.DOF.Gather.PostfilterMethod:1          ; Median3x3 postfilering method]]
[2019.05.23-06.38.59:357][  0]LogConfig: Setting CVar [[r.DOF.Gather.EnableBokehSettings:0       ; no bokeh simulation when gathering]]
[2019.05.23-06.38.59:357][  0]LogConfig: Setting CVar [[r.DOF.Gather.RingCount:4                 ; medium number of samples when gathering]]
[2019.05.23-06.38.59:357][  0]LogConfig: Setting CVar [[r.DOF.Scatter.ForegroundCompositing:1    ; additive foreground scattering]]
[2019.05.23-06.38.59:357][  0]LogConfig: Setting CVar [[r.DOF.Scatter.BackgroundCompositing:2    ; additive background scattering]]
[2019.05.23-06.38.59:357][  0]LogConfig: Setting CVar [[r.DOF.Scatter.EnableBokehSettings:1      ; bokeh simulation when scattering]]
[2019.05.23-06.38.59:357][  0]LogConfig: Setting CVar [[r.DOF.Scatter.MaxSpriteRatio:0.1         ; only a maximum of 10% of scattered bokeh]]
[2019.05.23-06.38.59:357][  0]LogConfig: Setting CVar [[r.DOF.Recombine.Quality:1                ; cheap slight out of focus]]
[2019.05.23-06.38.59:357][  0]LogConfig: Setting CVar [[r.DOF.Recombine.EnableBokehSettings:0    ; no bokeh simulation on slight out of focus]]
[2019.05.23-06.38.59:357][  0]LogConfig: Setting CVar [[r.DOF.TemporalAAQuality:1                ; more stable temporal accumulation]]
[2019.05.23-06.38.59:357][  0]LogConfig: Setting CVar [[r.DOF.Kernel.MaxForegroundRadius:0.025]]
[2019.05.23-06.38.59:357][  0]LogConfig: Setting CVar [[r.DOF.Kernel.MaxBackgroundRadius:0.025]]
[2019.05.23-06.38.59:357][  0]LogConfig: Applying CVar settings from Section [TextureQuality@3] File [C:/Users/Admin/WorkShop02/Saved/Config/Windows/Scalability.ini]
[2019.05.23-06.38.59:357][  0]LogConfig: Setting CVar [[r.Streaming.MipBias:0]]
[2019.05.23-06.38.59:357][  0]LogConfig: Setting CVar [[r.Streaming.AmortizeCPUToGPUCopy:0]]
[2019.05.23-06.38.59:357][  0]LogConfig: Setting CVar [[r.Streaming.MaxNumTexturesToStreamPerFrame:0]]
[2019.05.23-06.38.59:358][  0]LogConfig: Setting CVar [[r.Streaming.Boost:1]]
[2019.05.23-06.38.59:358][  0]LogConfig: Setting CVar [[r.MaxAnisotropy:8]]
[2019.05.23-06.38.59:358][  0]LogConfig: Setting CVar [[r.Streaming.LimitPoolSizeToVRAM:0]]
[2019.05.23-06.38.59:358][  0]LogConfig: Setting CVar [[r.Streaming.PoolSize:1000]]
[2019.05.23-06.38.59:358][  0]LogConfig: Setting CVar [[r.Streaming.MaxEffectiveScreenSize:0]]
[2019.05.23-06.38.59:358][  0]LogConfig: Applying CVar settings from Section [EffectsQuality@3] File [C:/Users/Admin/WorkShop02/Saved/Config/Windows/Scalability.ini]
[2019.05.23-06.38.59:358][  0]LogConfig: Setting CVar [[r.TranslucencyLightingVolumeDim:64]]
[2019.05.23-06.38.59:358][  0]LogConfig: Setting CVar [[r.RefractionQuality:2]]
[2019.05.23-06.38.59:358][  0]LogConfig: Setting CVar [[r.SSR.Quality:3]]
[2019.05.23-06.38.59:358][  0]LogConfig: Setting CVar [[r.SceneColorFormat:4]]
[2019.05.23-06.38.59:358][  0]LogConfig: Setting CVar [[r.DetailMode:2]]
[2019.05.23-06.38.59:358][  0]LogConfig: Setting CVar [[r.TranslucencyVolumeBlur:1]]
[2019.05.23-06.38.59:358][  0]LogConfig: Setting CVar [[r.MaterialQualityLevel:1 ; High quality]]
[2019.05.23-06.38.59:358][  0]LogConfig: Setting CVar [[r.SSS.Scale:1]]
[2019.05.23-06.38.59:358][  0]LogConfig: Setting CVar [[r.SSS.SampleSet:2]]
[2019.05.23-06.38.59:358][  0]LogConfig: Setting CVar [[r.SSS.Quality:1]]
[2019.05.23-06.38.59:358][  0]LogConfig: Setting CVar [[r.SSS.HalfRes:1]]
[2019.05.23-06.38.59:358][  0]LogConfig: Setting CVar [[r.EmitterSpawnRateScale:1.0]]
[2019.05.23-06.38.59:358][  0]LogConfig: Setting CVar [[r.ParticleLightQuality:2]]
[2019.05.23-06.38.59:358][  0]LogConfig: Applying CVar settings from Section [FoliageQuality@3] File [C:/Users/Admin/WorkShop02/Saved/Config/Windows/Scalability.ini]
[2019.05.23-06.38.59:358][  0]LogConfig: Setting CVar [[foliage.DensityScale:1.0]]
[2019.05.23-06.38.59:358][  0]LogConfig: Setting CVar [[grass.DensityScale:1.0]]
[2019.05.23-06.38.59:358][  0]LogConfig: Applying CVar settings from Section [Startup] File [../../../Engine/Config/ConsoleVariables.ini]
[2019.05.23-06.38.59:358][  0]LogConfig: Setting CVar [[net.UseAdaptiveNetUpdateFrequency:0]]
[2019.05.23-06.38.59:358][  0]LogConfig: Setting CVar [[p.chaos.AllowCreatePhysxBodies:1]]
[2019.05.23-06.38.59:358][  0]LogConfig: Applying CVar settings from Section [ConsoleVariables] File [C:/Users/Admin/WorkShop02/Saved/Config/Windows/Engine.ini]
[2019.05.23-06.38.59:358][  0]LogInit: Computer: DESKTOP-QDM1E5N
[2019.05.23-06.38.59:358][  0]LogInit: User: Admin
[2019.05.23-06.38.59:358][  0]LogInit: CPU Page size=4096, Cores=4
[2019.05.23-06.38.59:358][  0]LogInit: High frequency timer resolution =2.742191 MHz
[2019.05.23-06.38.59:358][  0]LogMemory: Memory total: Physical=15.9GB (16GB approx)
[2019.05.23-06.38.59:358][  0]LogMemory: Platform Memory Stats for Windows
[2019.05.23-06.38.59:358][  0]LogMemory: Process Physical Memory: 96.53 MB used, 96.53 MB peak
[2019.05.23-06.38.59:358][  0]LogMemory: Process Virtual Memory: 92.92 MB used, 92.92 MB peak
[2019.05.23-06.38.59:359][  0]LogMemory: Physical Memory: 7510.71 MB used,  8752.50 MB free, 16263.21 MB total
[2019.05.23-06.38.59:359][  0]LogMemory: Virtual Memory: 4658.30 MB used,  134213072.00 MB free, 134217728.00 MB total
[2019.05.23-06.38.59:383][  0]LogInit: Using OS detected language (fr-FR).
[2019.05.23-06.38.59:383][  0]LogInit: Using OS detected locale (fr-FR).
[2019.05.23-06.38.59:384][  0]LogTextLocalizationManager: No specific localization for 'fr-FR' exists, so the 'fr' localization will be used.
[2019.05.23-06.38.59:384][  0]LogTextLocalizationResource: LocRes '../../../Engine/Content/Localization/Editor/fr/Editor.locres' could not be opened for reading!
[2019.05.23-06.38.59:384][  0]LogTextLocalizationResource: LocRes '../../../Engine/Content/Localization/EditorTutorials/fr/EditorTutorials.locres' could not be opened for reading!
[2019.05.23-06.38.59:384][  0]LogTextLocalizationResource: LocRes '../../../Engine/Content/Localization/Keywords/fr/Keywords.locres' could not be opened for reading!
[2019.05.23-06.38.59:384][  0]LogTextLocalizationResource: LocRes '../../../Engine/Content/Localization/Category/fr/Category.locres' could not be opened for reading!
[2019.05.23-06.38.59:384][  0]LogTextLocalizationResource: LocRes '../../../Engine/Content/Localization/ToolTips/fr/ToolTips.locres' could not be opened for reading!
[2019.05.23-06.38.59:384][  0]LogTextLocalizationResource: LocRes '../../../Engine/Content/Localization/PropertyNames/fr/PropertyNames.locres' could not be opened for reading!
[2019.05.23-06.38.59:384][  0]LogTextLocalizationResource: LocRes '../../../Engine/Content/Localization/Engine/fr/Engine.locres' could not be opened for reading!
[2019.05.23-06.38.59:385][  0]LogInit: Setting process to per monitor DPI aware
[2019.05.23-06.38.59:421][  0]LogSlate: New Slate User Created.  User Index 0, Is Virtual User: 0
[2019.05.23-06.38.59:421][  0]LogSlate: Slate User Registered.  User Index 0, Is Virtual User: 0
[2019.05.23-06.38.59:640][  0]LogHMD: Failed to initialize OpenVR with code 110
[2019.05.23-06.38.59:640][  0]LogD3D11RHI: D3D11 adapters:
[2019.05.23-06.38.59:694][  0]LogD3D11RHI:    0. 'NVIDIA Quadro M1200' (Feature Level 11_0)
[2019.05.23-06.38.59:694][  0]LogD3D11RHI:       4062/0/8131 MB DedicatedVideo/DedicatedSystem/SharedSystem, Outputs:1, VendorId:0x10de
[2019.05.23-06.38.59:709][  0]LogD3D11RHI:    1. 'Intel(R) HD Graphics 630' (Feature Level 11_0)
[2019.05.23-06.38.59:709][  0]LogD3D11RHI:       128/0/8131 MB DedicatedVideo/DedicatedSystem/SharedSystem, Outputs:0, VendorId:0x8086
[2019.05.23-06.38.59:711][  0]LogD3D11RHI:    2. 'Microsoft Basic Render Driver' (Feature Level 11_0)
[2019.05.23-06.38.59:711][  0]LogD3D11RHI:       0/0/8131 MB DedicatedVideo/DedicatedSystem/SharedSystem, Outputs:0, VendorId:0x1414
[2019.05.23-06.38.59:711][  0]LogD3D11RHI: Chosen D3D11 Adapter: 0
[2019.05.23-06.38.59:741][  0]LogD3D11RHI: Creating new Direct3DDevice
[2019.05.23-06.38.59:742][  0]LogD3D11RHI:     GPU DeviceId: 0x13b6 (for the marketing name, search the web for "GPU Device Id")
[2019.05.23-06.38.59:742][  0]LogWindows: EnumDisplayDevices:
[2019.05.23-06.38.59:742][  0]LogWindows:    0. 'Intel(R) HD Graphics 630' (P:1 D:1)
[2019.05.23-06.38.59:742][  0]LogWindows:    1. 'Intel(R) HD Graphics 630' (P:0 D:0)
[2019.05.23-06.38.59:743][  0]LogWindows:    2. 'Intel(R) HD Graphics 630' (P:0 D:0)
[2019.05.23-06.38.59:743][  0]LogWindows:    3. 'NVIDIA Quadro M1200' (P:0 D:0)
[2019.05.23-06.38.59:743][  0]LogWindows:    4. 'NVIDIA Quadro M1200' (P:0 D:0)
[2019.05.23-06.38.59:743][  0]LogWindows:    5. 'NVIDIA Quadro M1200' (P:0 D:0)
[2019.05.23-06.38.59:743][  0]LogWindows:    6. 'NVIDIA Quadro M1200' (P:0 D:0)
[2019.05.23-06.38.59:744][  0]LogWindows: DebugString: PrimaryIsNotTheChoosenAdapter PrimaryIsNotTheChoosenAdapter PrimaryIsNotTheChoosenAdapter FoundDriverCount:4 
[2019.05.23-06.38.59:744][  0]LogD3D11RHI:     Adapter Name: NVIDIA Quadro M1200
[2019.05.23-06.38.59:744][  0]LogD3D11RHI:   Driver Version: 385.73 (internal:22.21.13.8573, unified:385.73)
[2019.05.23-06.38.59:744][  0]LogD3D11RHI:      Driver Date: 9-25-2017
[2019.05.23-06.38.59:744][  0]LogRHI: Texture pool is 2843 MB (70% of 4062 MB)
[2019.05.23-06.38.59:773][  0]LogD3D11RHI: Async texture creation enabled
[2019.05.23-06.38.59:777][  0]LogRendererCore: FGlobalReadBuffer::InitRHI
[2019.05.23-06.38.59:777][  0]LogRendererCore: FGlobalReadBuffer::InitRHI
[2019.05.23-06.38.59:777][  0]LogRendererCore: FGlobalReadBuffer::InitRHI
[2019.05.23-06.38.59:785][  0]LogD3D11RHI: GPU Timing Frequency: 1000.000000 (Debug: 2 1)
[2019.05.23-06.39.00:114][  0]LogTemp: Display: Module 'AllDesktopTargetPlatform' loaded TargetPlatform 'AllDesktop'
[2019.05.23-06.39.00:132][  0]LogTemp: Display: Module 'MacClientTargetPlatform' loaded TargetPlatform 'MacClient'
[2019.05.23-06.39.00:149][  0]LogTemp: Display: Module 'MacNoEditorTargetPlatform' loaded TargetPlatform 'MacNoEditor'
[2019.05.23-06.39.00:163][  0]LogTemp: Display: Module 'MacServerTargetPlatform' loaded TargetPlatform 'MacServer'
[2019.05.23-06.39.00:177][  0]LogTemp: Display: Module 'MacTargetPlatform' loaded TargetPlatform 'Mac'
[2019.05.23-06.39.00:191][  0]LogTemp: Display: Module 'WindowsClientTargetPlatform' loaded TargetPlatform 'WindowsClient'
[2019.05.23-06.39.00:206][  0]LogTemp: Display: Module 'WindowsNoEditorTargetPlatform' loaded TargetPlatform 'WindowsNoEditor'
[2019.05.23-06.39.00:220][  0]LogTemp: Display: Module 'WindowsServerTargetPlatform' loaded TargetPlatform 'WindowsServer'
[2019.05.23-06.39.00:227][  0]LogTemp: Display: Module 'WindowsTargetPlatform' loaded TargetPlatform 'Windows'
[2019.05.23-06.39.00:304][  0]LogTemp: Display: Module 'AndroidTargetPlatform' loaded TargetPlatform 'Android'
[2019.05.23-06.39.00:304][  0]LogTemp: Display: Module 'AndroidTargetPlatform' loaded TargetPlatform 'Android_ASTC'
[2019.05.23-06.39.00:304][  0]LogTemp: Display: Module 'AndroidTargetPlatform' loaded TargetPlatform 'Android_ATC'
[2019.05.23-06.39.00:304][  0]LogTemp: Display: Module 'AndroidTargetPlatform' loaded TargetPlatform 'Android_DXT'
[2019.05.23-06.39.00:304][  0]LogTemp: Display: Module 'AndroidTargetPlatform' loaded TargetPlatform 'Android_ETC1'
[2019.05.23-06.39.00:304][  0]LogTemp: Display: Module 'AndroidTargetPlatform' loaded TargetPlatform 'Android_ETC1a'
[2019.05.23-06.39.00:304][  0]LogTemp: Display: Module 'AndroidTargetPlatform' loaded TargetPlatform 'Android_ETC2'
[2019.05.23-06.39.00:304][  0]LogTemp: Display: Module 'AndroidTargetPlatform' loaded TargetPlatform 'Android_PVRTC'
[2019.05.23-06.39.00:304][  0]LogTemp: Display: Module 'AndroidTargetPlatform' loaded TargetPlatform 'AndroidClient'
[2019.05.23-06.39.00:304][  0]LogTemp: Display: Module 'AndroidTargetPlatform' loaded TargetPlatform 'Android_ASTCClient'
[2019.05.23-06.39.00:304][  0]LogTemp: Display: Module 'AndroidTargetPlatform' loaded TargetPlatform 'Android_ATCClient'
[2019.05.23-06.39.00:304][  0]LogTemp: Display: Module 'AndroidTargetPlatform' loaded TargetPlatform 'Android_DXTClient'
[2019.05.23-06.39.00:304][  0]LogTemp: Display: Module 'AndroidTargetPlatform' loaded TargetPlatform 'Android_ETC1Client'
[2019.05.23-06.39.00:304][  0]LogTemp: Display: Module 'AndroidTargetPlatform' loaded TargetPlatform 'Android_ETC1aClient'
[2019.05.23-06.39.00:304][  0]LogTemp: Display: Module 'AndroidTargetPlatform' loaded TargetPlatform 'Android_ETC2Client'
[2019.05.23-06.39.00:304][  0]LogTemp: Display: Module 'AndroidTargetPlatform' loaded TargetPlatform 'Android_PVRTCClient'
[2019.05.23-06.39.00:304][  0]LogTemp: Display: Module 'AndroidTargetPlatform' loaded TargetPlatform 'Android_Multi'
[2019.05.23-06.39.00:304][  0]LogTemp: Display: Module 'AndroidTargetPlatform' loaded TargetPlatform 'Android_MultiClient'
[2019.05.23-06.39.00:305][  0]LogTemp: Display: Module 'HTML5TargetPlatform' loaded TargetPlatform 'HTML5'
[2019.05.23-06.39.00:355][  0]LogTemp: Display: Module 'IOSTargetPlatform' loaded TargetPlatform 'IOSClient'
[2019.05.23-06.39.00:355][  0]LogTemp: Display: Module 'IOSTargetPlatform' loaded TargetPlatform 'IOS'
[2019.05.23-06.39.00:377][  0]LogTemp: Display: Module 'TVOSTargetPlatform' loaded TargetPlatform 'TVOSClient'
[2019.05.23-06.39.00:377][  0]LogTemp: Display: Module 'TVOSTargetPlatform' loaded TargetPlatform 'TVOS'
[2019.05.23-06.39.00:389][  0]LogTemp: Display: Module 'LinuxClientTargetPlatform' loaded TargetPlatform 'LinuxClient'
[2019.05.23-06.39.00:401][  0]LogTemp: Display: Module 'LinuxNoEditorTargetPlatform' loaded TargetPlatform 'LinuxNoEditor'
[2019.05.23-06.39.00:413][  0]LogTemp: Display: Module 'LinuxServerTargetPlatform' loaded TargetPlatform 'LinuxServer'
[2019.05.23-06.39.00:426][  0]LogTemp: Display: Module 'LinuxTargetPlatform' loaded TargetPlatform 'Linux'
[2019.05.23-06.39.00:468][  0]LogTemp: Display: Module 'LuminTargetPlatform' loaded TargetPlatform 'Lumin'
[2019.05.23-06.39.00:468][  0]LogTemp: Display: Module 'LuminTargetPlatform' loaded TargetPlatform 'LuminClient'
[2019.05.23-06.39.00:468][  0]LogTargetPlatformManager: Display: Building Assets For Windows
[2019.05.23-06.39.00:489][  0]LogAudioDebug: Display: Lib vorbis DLL was dynamically loaded.
[2019.05.23-06.39.00:550][  0]LogShaderCompilers: Guid format shader working directory is 5 characters bigger than the processId version (../../../../../../Users/Admin/WorkShop02/Intermediate/Shaders/WorkingDirectory/13640/).
[2019.05.23-06.39.00:550][  0]LogShaderCompilers: Cleaned the shader compiler working directory 'C:/Users/Admin/AppData/Local/Temp/UnrealShaderWorkingDir/5757CCE74595852972B8DEB426A0FA0D/'.
[2019.05.23-06.39.00:553][  0]LogXGEController: Cannot use XGE Controller as Incredibuild is not installed on this machine.
[2019.05.23-06.39.00:553][  0]LogShaderCompilers: Cannot use XGE Shader Compiler as Incredibuild is not installed on this machine.
[2019.05.23-06.39.00:554][  0]LogShaderCompilers: Display: Using Local Shader Compiler.
[2019.05.23-06.39.01:109][  0]LogDerivedDataCache: Display: Max Cache Size: 512 MB
[2019.05.23-06.39.01:155][  0]LogDerivedDataCache: Loaded boot cache 0.05s 71MB C:/Users/Admin/AppData/Local/UnrealEngine/4.22/DerivedDataCache/Boot.ddc.
[2019.05.23-06.39.01:155][  0]LogDerivedDataCache: Display: Loaded Boot cache: C:/Users/Admin/AppData/Local/UnrealEngine/4.22/DerivedDataCache/Boot.ddc
[2019.05.23-06.39.01:156][  0]LogDerivedDataCache: FDerivedDataBackendGraph:  Pak pak cache file ../../../../../../Users/Admin/WorkShop02/DerivedDataCache/DDC.ddp not found, will not use a pak cache.
[2019.05.23-06.39.01:156][  0]LogDerivedDataCache: Unable to find inner node Pak for hierarchical cache Hierarchy.
[2019.05.23-06.39.01:156][  0]LogDerivedDataCache: FDerivedDataBackendGraph:  CompressedPak pak cache file ../../../../../../Users/Admin/WorkShop02/DerivedDataCache/Compressed.ddp not found, will not use a pak cache.
[2019.05.23-06.39.01:156][  0]LogDerivedDataCache: Unable to find inner node CompressedPak for hierarchical cache Hierarchy.
[2019.05.23-06.39.01:169][  0]LogDerivedDataCache: Display: Pak cache opened for reading ../../../Engine/DerivedDataCache/Compressed.ddp.
[2019.05.23-06.39.01:169][  0]LogDerivedDataCache: FDerivedDataBackendGraph:  EnterprisePak pak cache file ../../../Enterprise/DerivedDataCache/Compressed.ddp not found, will not use a pak cache.
[2019.05.23-06.39.01:169][  0]LogDerivedDataCache: Unable to find inner node EnterprisePak for hierarchical cache Hierarchy.
[2019.05.23-06.39.01:181][  0]LogDerivedDataCache: Using Local data cache path C:/Users/Admin/AppData/Local/UnrealEngine/Common/DerivedDataCache: Writable
[2019.05.23-06.39.01:181][  0]LogDerivedDataCache: Shared data cache path not found in *engine.ini, will not use an Shared cache.
[2019.05.23-06.39.01:181][  0]LogDerivedDataCache: Unable to find inner node Shared for hierarchical cache Hierarchy.
[2019.05.23-06.39.01:204][  0]LogMaterial: Verifying Global Shaders for PCD3D_SM5
[2019.05.23-06.39.01:205][  0]LogSlate: Using FreeType 2.6.0
[2019.05.23-06.39.01:206][  0]LogSlate: SlateFontServices - WITH_FREETYPE: 1, WITH_HARFBUZZ: 1
[2019.05.23-06.39.01:292][  0]LogAssetRegistry: FAssetRegistry took 0.0332 seconds to start up
[2019.05.23-06.39.01:672][  0]LogInit: Selected Device Profile: [Windows]
[2019.05.23-06.39.01:818][  0]LogMeshReduction: Using QuadricMeshReduction for automatic static mesh reduction
[2019.05.23-06.39.01:818][  0]LogMeshReduction: Using SimplygonMeshReduction for automatic skeletal mesh reduction
[2019.05.23-06.39.01:818][  0]LogMeshReduction: Using ProxyLODMeshReduction for automatic mesh merging
[2019.05.23-06.39.01:818][  0]LogMeshReduction: No distributed automatic mesh merging module available
[2019.05.23-06.39.01:818][  0]LogMeshMerging: No distributed automatic mesh merging module available
[2019.05.23-06.39.01:834][  0]LogNetVersion: WorkShop02 1.0.0, NetCL: 5660361, EngineNetVer: 10, GameNetVer: 0 (Checksum: 308872392)
[2019.05.23-06.39.02:290][  0]LogPackageLocalizationCache: Processed 10 localized package path(s) for 1 prioritized culture(s) in 0.051326 seconds
[2019.05.23-06.39.02:298][  0]LogUObjectArray: 42205 objects as part of root set at end of initial load.
[2019.05.23-06.39.02:298][  0]LogUObjectAllocator: 7325032 out of 0 bytes used by permanent object pool.
[2019.05.23-06.39.02:298][  0]LogUObjectArray: CloseDisregardForGC: 0/0 objects in disregard for GC pool
[2019.05.23-06.39.03:223][  0]LogTcpMessaging: Initializing TcpMessaging bridge
[2019.05.23-06.39.03:238][  0]LogUdpMessaging: Initializing bridge on interface 0.0.0.0:0 to multicast group 230.0.0.1:6666.
[2019.05.23-06.39.03:374][  0]SourceControl: Source control is disabled
[2019.05.23-06.39.03:374][  0]SourceControl: Source control is disabled
[2019.05.23-06.39.03:376][  0]SourceControl: Source control is disabled
[2019.05.23-06.39.03:377][  0]SourceControl: Source control is disabled
[2019.05.23-06.39.03:467][  0]LogAndroidPermission: UAndroidPermissionCallbackProxy::GetInstance
[2019.05.23-06.39.03:527][  0]LogOcInput: OculusInput pre-init called
[2019.05.23-06.39.04:232][  0]LogEngine: Initializing Engine...
[2019.05.23-06.39.04:233][  0]LogHMD: Failed to initialize OpenVR with code 110
[2019.05.23-06.39.04:233][  0]LogStats: UGameplayTagsManager::InitializeManager -  0.000 s
[2019.05.23-06.39.04:450][  0]LogInit: Initializing FReadOnlyCVARCache
[2019.05.23-06.39.04:476][  0]LogAIModule: Creating AISystem for world Untitled
[2019.05.23-06.39.04:484][  0]LogInit: XAudio2 using 'Haut-parleur (Conexant ISST Audio)' : 2 channels at 48 kHz using 32 bits per sample (channel mask 0x3)
[2019.05.23-06.39.04:777][  0]LogInit: FAudioDevice initialized.
[2019.05.23-06.39.04:777][  0]LogNetVersion: Set ProjectVersion to 1.0.0.0. Version Checksum will be recalculated on next use.
[2019.05.23-06.39.04:922][  0]LogDerivedDataCache: Saved boot cache 0.14s 71MB C:/Users/Admin/AppData/Local/UnrealEngine/4.22/DerivedDataCache/Boot.ddc.
[2019.05.23-06.39.04:936][  0]LogInit: Texture streaming: Enabled
[2019.05.23-06.39.04:956][  0]LogEngineSessionManager: EngineSessionManager initialized
[2019.05.23-06.39.04:979][  0]LogInit: Transaction tracking system initialized
[2019.05.23-06.39.05:012][  0]BlueprintLog: New page: Editor Load
[2019.05.23-06.39.05:113][  0]LocalizationService: Localization service is disabled
[2019.05.23-06.39.05:441][  0]LogFileCache: Scanning file cache for directory 'C:/Users/Admin/WorkShop02/Content/' took 0.02s
[2019.05.23-06.39.05:441][  0]LogCook: Display: Max memory allowance for cook 16384mb min free memory 0mb
[2019.05.23-06.39.05:441][  0]LogCook: Display: Mobile HDR setting 1
[2019.05.23-06.39.05:635][  0]SourceControl: Source control is disabled
[2019.05.23-06.39.05:635][  0]Cmd: MAP LOAD FILE="../../../Engine/Content/Maps/Templates/Template_Default.umap" TEMPLATE=1 SHOWPROGRESS=1 FEATURELEVEL=3
[2019.05.23-06.39.05:635][  0]LightingResults: New page: Lighting Build
[2019.05.23-06.39.05:639][  0]MapCheck: New page: Map Check
[2019.05.23-06.39.05:639][  0]LightingResults: New page: Lighting Build
[2019.05.23-06.39.05:667][  0]LogUObjectHash: Compacting FUObjectHashTables data took   1.90ms
[2019.05.23-06.39.05:748][  0]LogAIModule: Creating AISystem for world Untitled_1
[2019.05.23-06.39.05:753][  0]LogEditorServer: Finished looking for orphan Actors (0.000 secs)
[2019.05.23-06.39.05:778][  0]LogUObjectHash: Compacting FUObjectHashTables data took   1.73ms
[2019.05.23-06.39.05:778][  0]Cmd: MAP CHECKDEP NOCLEARLOG
[2019.05.23-06.39.05:778][  0]MapCheck: Map check complete: 0 Error(s), 0 Warning(s), took 0,194ms to complete.
[2019.05.23-06.39.05:778][  0]LogFileHelpers: Loading map 'Template_Default' took 0.144
[2019.05.23-06.39.05:924][  0]LogSlate: Updating window title bar state: overlay mode, drag disabled, window buttons hidden, title bar hidden
[2019.05.23-06.39.05:935][  0]LogSlate: Updating window title bar state: overlay mode, drag disabled, window buttons hidden, title bar hidden
[2019.05.23-06.39.05:943][  0]LogSlate: Updating window title bar state: overlay mode, drag disabled, window buttons hidden, title bar hidden
[2019.05.23-06.39.05:951][  0]LogSlate: Updating window title bar state: overlay mode, drag disabled, window buttons hidden, title bar hidden
[2019.05.23-06.39.05:967][  0]LogCollectionManager: Loaded 0 collections in 0.002685 seconds
[2019.05.23-06.39.05:997][  0]LogFileCache: Scanning file cache for directory 'C:/Users/Admin/WorkShop02/Saved/Collections/' took 0.01s
[2019.05.23-06.39.05:997][  0]LogFileCache: Scanning file cache for directory 'C:/Users/Admin/WorkShop02/Content/Developers/Admin/Collections/' took 0.00s
[2019.05.23-06.39.05:997][  0]LogFileCache: Scanning file cache for directory 'C:/Users/Admin/WorkShop02/Content/Collections/' took 0.00s
[2019.05.23-06.39.05:997][  0]LogCollectionManager: Rebuilt the GUID cache for 0 collections in 0.000001 seconds
[2019.05.23-06.39.06:008][  0]LogContentBrowser: Native class hierarchy populated in 0.0106 seconds. Added 2732 classes and 659 folders.
[2019.05.23-06.39.06:027][  0]LogContentBrowser: Native class hierarchy updated for 'WidgetCarousel' in 0.0002 seconds. Added 0 classes and 0 folders.
[2019.05.23-06.39.06:039][  0]LogPakFile: Registered encryption key '00000000000000000000000000000000': 0 pak files mounted, 0 remain pending
[2019.05.23-06.39.06:048][  0]LogPakFile: Registered encryption key '00000000000000000000000000000000': 0 pak files mounted, 0 remain pending
[2019.05.23-06.39.06:064][  0]LogPakFile: Registered encryption key '00000000000000000000000000000000': 0 pak files mounted, 0 remain pending
[2019.05.23-06.39.06:071][  0]LogPakFile: Registered encryption key '00000000000000000000000000000000': 0 pak files mounted, 0 remain pending
[2019.05.23-06.39.06:077][  0]LogPakFile: Registered encryption key '00000000000000000000000000000000': 0 pak files mounted, 0 remain pending
[2019.05.23-06.39.06:084][  0]LogPakFile: Registered encryption key '00000000000000000000000000000000': 0 pak files mounted, 0 remain pending
[2019.05.23-06.39.06:090][  0]LogPakFile: Registered encryption key '00000000000000000000000000000000': 0 pak files mounted, 0 remain pending
[2019.05.23-06.39.06:097][  0]LogPakFile: Registered encryption key '00000000000000000000000000000000': 0 pak files mounted, 0 remain pending
[2019.05.23-06.39.06:104][  0]LogPakFile: Registered encryption key '00000000000000000000000000000000': 0 pak files mounted, 0 remain pending
[2019.05.23-06.39.06:111][  0]LogPakFile: Registered encryption key '00000000000000000000000000000000': 0 pak files mounted, 0 remain pending
[2019.05.23-06.39.06:117][  0]LogPakFile: Registered encryption key '00000000000000000000000000000000': 0 pak files mounted, 0 remain pending
[2019.05.23-06.39.06:123][  0]LogPakFile: Registered encryption key '00000000000000000000000000000000': 0 pak files mounted, 0 remain pending
[2019.05.23-06.39.06:130][  0]LogPakFile: Registered encryption key '00000000000000000000000000000000': 0 pak files mounted, 0 remain pending
[2019.05.23-06.39.06:136][  0]LogPakFile: Registered encryption key '00000000000000000000000000000000': 0 pak files mounted, 0 remain pending
[2019.05.23-06.39.06:142][  0]LogPakFile: Registered encryption key '00000000000000000000000000000000': 0 pak files mounted, 0 remain pending
[2019.05.23-06.39.06:148][  0]LogPakFile: Registered encryption key '00000000000000000000000000000000': 0 pak files mounted, 0 remain pending
[2019.05.23-06.39.06:179][  0]LogPakFile: Registered encryption key '00000000000000000000000000000000': 0 pak files mounted, 0 remain pending
[2019.05.23-06.39.06:185][  0]LogPakFile: Registered encryption key '00000000000000000000000000000000': 0 pak files mounted, 0 remain pending
[2019.05.23-06.39.06:191][  0]LogPakFile: Registered encryption key '00000000000000000000000000000000': 0 pak files mounted, 0 remain pending
[2019.05.23-06.39.06:197][  0]LogPakFile: Registered encryption key '00000000000000000000000000000000': 0 pak files mounted, 0 remain pending
[2019.05.23-06.39.06:205][  0]LogPakFile: Registered encryption key '00000000000000000000000000000000': 0 pak files mounted, 0 remain pending
[2019.05.23-06.39.06:211][  0]LogPakFile: Registered encryption key '00000000000000000000000000000000': 0 pak files mounted, 0 remain pending
[2019.05.23-06.39.06:217][  0]LogPakFile: Registered encryption key '00000000000000000000000000000000': 0 pak files mounted, 0 remain pending
[2019.05.23-06.39.06:225][  0]LogPakFile: Registered encryption key '00000000000000000000000000000000': 0 pak files mounted, 0 remain pending
[2019.05.23-06.39.06:231][  0]LogPakFile: Registered encryption key '00000000000000000000000000000000': 0 pak files mounted, 0 remain pending
[2019.05.23-06.39.06:238][  0]LogPakFile: Registered encryption key '00000000000000000000000000000000': 0 pak files mounted, 0 remain pending
[2019.05.23-06.39.06:427][  0]LogContentBrowser: Native class hierarchy updated for 'AddContentDialog' in 0.0003 seconds. Added 0 classes and 0 folders.
[2019.05.23-06.39.06:442][  0]LogContentBrowser: Native class hierarchy updated for 'SceneOutliner' in 0.0003 seconds. Added 1 classes and 2 folders.
[2019.05.23-06.39.06:570][  0]LogSlate: Took 0.000224 seconds to synchronously load lazily loaded font '../../../Engine/Content/Slate/Fonts/Roboto-Regular.ttf' (155K)
[2019.05.23-06.39.06:572][  0]LogSlate: Took 0.000199 seconds to synchronously load lazily loaded font '../../../Engine/Content/Slate/Fonts/Roboto-Bold.ttf' (160K)
[2019.05.23-06.39.06:582][  0]LogSlate: Took 0.004527 seconds to synchronously load lazily loaded font '../../../Engine/Content/Editor/Slate/Fonts/FontAwesome.ttf' (139K)
[2019.05.23-06.39.06:669][  0]LogRenderer: Reallocating scene render targets to support 964x436 Format 10 NumSamples 1 (Frame:1).
[2019.05.23-06.39.06:825][  0]LogContentBrowser: Native class hierarchy updated for 'HierarchicalLODOutliner' in 0.0005 seconds. Added 0 classes and 0 folders.
[2019.05.23-06.39.06:825][  0]LogLoad: (Engine Initialization) Total time: 9.64 seconds
[2019.05.23-06.39.06:825][  0]LogLoad: (Engine Initialization) Total Blueprint compile time: 0.00 seconds
[2019.05.23-06.39.06:846][  0]LogWindowsTextInputMethodSystem: Display: IME system now deactivated.
[2019.05.23-06.39.06:877][  0]LogAssetRegistry: Asset discovery search completed in 5.6081 seconds
[2019.05.23-06.39.06:879][  0]LogCollectionManager: Rebuilt the object cache for 0 collections in 0.000000 seconds (found 0 objects)
[2019.05.23-06.39.06:879][  0]LogCollectionManager: Fixed up redirectors for 0 collections in 0.000045 seconds (updated 0 objects)
[2019.05.23-06.39.06:882][  0]LogContentStreaming: Texture pool size now 1000 MB
[2019.05.23-06.39.06:905][  0]LogSlate: Took 0.004712 seconds to synchronously load lazily loaded font '../../../Engine/Content/Slate/Fonts/Roboto-Light.ttf' (167K)
[2019.05.23-06.39.09:740][158]LogSlate: FSceneViewport::OnFocusLost() reason 0
[2019.05.23-06.39.09:875][166]LogSlate: Took 0.000183 seconds to synchronously load lazily loaded font '../../../Engine/Content/Slate/Fonts/Roboto-Light.ttf' (167K)
[2019.05.23-06.39.10:079][166]LogAIModule: Creating AISystem for world Level
[2019.05.23-06.39.10:086][166]LogAssetEditorManager: Opening Asset editor for World /Game/Level.Level
[2019.05.23-06.39.10:112][166]LogUObjectHash: Compacting FUObjectHashTables data took   1.90ms
[2019.05.23-06.39.10:112][166]Cmd: MAP LOAD FILE="../../../../../../Users/Admin/WorkShop02/Content/Level.umap" TEMPLATE=0 SHOWPROGRESS=1 FEATURELEVEL=3
[2019.05.23-06.39.10:113][166]LightingResults: New page: Lighting Build
[2019.05.23-06.39.10:113][166]LoadErrors: New page: Loading map: Level.umap
[2019.05.23-06.39.10:115][166]MapCheck: New page: Map Check
[2019.05.23-06.39.10:115][166]LightingResults: New page: Lighting Build
[2019.05.23-06.39.10:144][166]LogUObjectHash: Compacting FUObjectHashTables data took   1.73ms
[2019.05.23-06.39.10:203][166]LogEditorServer: Finished looking for orphan Actors (0.000 secs)
[2019.05.23-06.39.10:228][166]LogUObjectHash: Compacting FUObjectHashTables data took   1.32ms
[2019.05.23-06.39.10:248][166]Cmd: MAP CHECKDEP NOCLEARLOG
[2019.05.23-06.39.10:248][166]MapCheck: Map check complete: 0 Error(s), 0 Warning(s), took 0,117ms to complete.
[2019.05.23-06.39.10:248][166]LogFileHelpers: Loading map 'Level' took 0.136
[2019.05.23-06.39.20:776][550]LogSlate: FSceneViewport::OnFocusLost() reason 0
